Logfile: /home/ubuntu/.pyats/archive/20-Sep/job.2020Sep23_18:05:51.927627.zip

View at: 
    http://ubuntu-code-server:60001/

Press Ctrl-C to exit

--------------------------------------------------------------------------------

[33mCannot automatically start your browser: X-forwarding is not enabled for your session. 
Navigate to the above url manually in your preferred browser.[0m[39m
Bye...

Logfile: /home/ubuntu/.pyats/archive/20-Sep/job.2020Sep23_18:10:05.266752.zip

View at: 
    http://ubuntu-code-server:60001/

Press Ctrl-C to exit

--------------------------------------------------------------------------------

[33mCannot automatically start your browser: X-forwarding is not enabled for your session. 
Navigate to the above url manually in your preferred browser.[0m[39m
Bye...

Logfile: /home/ubuntu/.pyats/archive/20-Sep/job.2020Sep23_18:11:08.288363.zip
[1m[31m
[Errno 98] Address already in use[0m[39m

Logfile: /home/ubuntu/.pyats/archive/20-Sep/job.2020Sep23_18:11:50.015178.zip
[1m[31m
[Errno 98] Address already in use[0m[39m

Logfile: /home/ubuntu/.pyats/archive/20-Sep/job.2020Sep23_18:16:19.427793.zip

View at: 
    http://ubuntu-code-server:60001/

Press Ctrl-C to exit

--------------------------------------------------------------------------------

[33mCannot automatically start your browser: X-forwarding is not enabled for your session. 
Navigate to the above url manually in your preferred browser.[0m[39m
Bye...

Logfile: /home/ubuntu/.pyats/archive/20-Sep/job.2020Sep23_18:21:53.839917.zip
[1m[31m
[Errno 98] Address already in use[0m[39m

Logfile: /home/ubuntu/.pyats/archive/20-Sep/job.2020Sep23_18:23:04.034320.zip

View at: 
    http://ubuntu-code-server:60001/

Press Ctrl-C to exit

--------------------------------------------------------------------------------

[33mCannot automatically start your browser: X-forwarding is not enabled for your session. 
Navigate to the above url manually in your preferred browser.[0m[39m
Bye...

Logfile: /home/ubuntu/.pyats/archive/20-Sep/job.2020Sep23_18:25:57.800725.zip

View at: 
    http://ubuntu-code-server:60001/

Press Ctrl-C to exit

--------------------------------------------------------------------------------

[33mCannot automatically start your browser: X-forwarding is not enabled for your session. 
Navigate to the above url manually in your preferred browser.[0m[39m
Bye...

Logfile: /home/ubuntu/.pyats/archive/20-Sep/job.2020Sep23_18:28:48.892920.zip

View at: 
    http://ubuntu-code-server:60001/

Press Ctrl-C to exit

--------------------------------------------------------------------------------

[33mCannot automatically start your browser: X-forwarding is not enabled for your session. 
Navigate to the above url manually in your preferred browser.[0m[39m
Bye...

Logfile: /home/ubuntu/.pyats/archive/20-Sep/job.2020Sep23_18:31:45.605718.zip

View at: 
    http://ubuntu-code-server:60001/

Press Ctrl-C to exit

--------------------------------------------------------------------------------

[33mCannot automatically start your browser: X-forwarding is not enabled for your session. 
Navigate to the above url manually in your preferred browser.[0m[39m
Bye...

Logfile: /home/ubuntu/.pyats/archive/20-Sep/job.2020Sep23_18:35:51.126802.zip

View at: 
    http://ubuntu-code-server:60001/

Press Ctrl-C to exit

--------------------------------------------------------------------------------

[33mCannot automatically start your browser: X-forwarding is not enabled for your session. 
Navigate to the above url manually in your preferred browser.[0m[39m
Bye...

Logfile: /home/ubuntu/.pyats/archive/20-Sep/job.2020Sep23_18:41:24.234341.zip
[1m[31m
[Errno 98] Address already in use[0m[39m

Logfile: /home/ubuntu/.pyats/archive/20-Sep/job.2020Sep23_18:42:18.875025.zip

View at: 
    http://ubuntu-code-server:60001/

Press Ctrl-C to exit

--------------------------------------------------------------------------------

[33mCannot automatically start your browser: X-forwarding is not enabled for your session. 
Navigate to the above url manually in your preferred browser.[0m[39m
Bye...

Logfile: /home/ubuntu/.pyats/archive/20-Sep/job.2020Sep23_18:47:25.853579.zip

View at: 
    http://ubuntu-code-server:60001/

Press Ctrl-C to exit

--------------------------------------------------------------------------------

[33mCannot automatically start your browser: X-forwarding is not enabled for your session. 
Navigate to the above url manually in your preferred browser.[0m[39m
Bye...

Logfile: /home/ubuntu/.pyats/archive/20-Sep/job.2020Sep23_18:49:58.382896.zip
[1m[31m
[Errno 98] Address already in use[0m[39m

Logfile: /home/ubuntu/.pyats/archive/20-Sep/job.2020Sep23_18:50:44.797320.zip

View at: 
    http://ubuntu-code-server:60001/

Press Ctrl-C to exit

--------------------------------------------------------------------------------

[33mCannot automatically start your browser: X-forwarding is not enabled for your session. 
Navigate to the above url manually in your preferred browser.[0m[39m
Bye...

Logfile: /home/ubuntu/.pyats/archive/20-Sep/job.2020Sep23_18:52:12.284197.zip
[1m[31m
[Errno 98] Address already in use[0m[39m

Logfile: /home/ubuntu/.pyats/archive/20-Sep/job.2020Sep23_18:52:49.333345.zip

View at: 
    http://ubuntu-code-server:60001/

Press Ctrl-C to exit

--------------------------------------------------------------------------------

[33mCannot automatically start your browser: X-forwarding is not enabled for your session. 
Navigate to the above url manually in your preferred browser.[0m[39m
Bye...

Logfile: /home/ubuntu/.pyats/archive/20-Sep/job.2020Sep23_19:07:15.322960.zip
[1m[31m
[Errno 98] Address already in use[0m[39m

Logfile: /home/ubuntu/.pyats/archive/20-Sep/job.2020Sep23_19:08:03.504096.zip

View at: 
    http://ubuntu-code-server:60001/

Press Ctrl-C to exit

--------------------------------------------------------------------------------

[33mCannot automatically start your browser: X-forwarding is not enabled for your session. 
Navigate to the above url manually in your preferred browser.[0m[39m
Bye...

Logfile: /home/ubuntu/.pyats/archive/20-Sep/job.2020Sep23_19:10:08.320562.zip
[1m[31m
[Errno 98] Address already in use[0m[39m

Logfile: /home/ubuntu/.pyats/archive/20-Sep/job.2020Sep23_19:10:55.719588.zip

View at: 
    http://ubuntu-code-server:60001/

Press Ctrl-C to exit

--------------------------------------------------------------------------------

[33mCannot automatically start your browser: X-forwarding is not enabled for your session. 
Navigate to the above url manually in your preferred browser.[0m[39m
Bye...

Logfile: /home/ubuntu/.pyats/archive/20-Sep/job.2020Sep23_19:14:11.036254.zip
[1m[31m
[Errno 98] Address already in use[0m[39m

Logfile: /home/ubuntu/.pyats/archive/20-Sep/job.2020Sep23_19:15:39.970215.zip

View at: 
    http://ubuntu-code-server:60001/

Press Ctrl-C to exit

--------------------------------------------------------------------------------

[33mCannot automatically start your browser: X-forwarding is not enabled for your session. 
Navigate to the above url manually in your preferred browser.[0m[39m
Bye...

Logfile: /home/ubuntu/.pyats/archive/20-Sep/job.2020Sep23_19:21:53.187191.zip
[1m[31m
[Errno 98] Address already in use[0m[39m

Logfile: /home/ubuntu/.pyats/archive/20-Sep/job.2020Sep23_19:22:33.147894.zip

View at: 
    http://ubuntu-code-server:60001/

Press Ctrl-C to exit

--------------------------------------------------------------------------------

[33mCannot automatically start your browser: X-forwarding is not enabled for your session. 
Navigate to the above url manually in your preferred browser.[0m[39m
Bye...

Logfile: /home/ubuntu/.pyats/archive/20-Sep/job.2020Sep23_19:25:28.625206.zip
[1m[31m
[Errno 98] Address already in use[0m[39m

Logfile: /home/ubuntu/.pyats/archive/20-Sep/job.2020Sep23_19:26:14.152951.zip

View at: 
    http://ubuntu-code-server:60001/

Press Ctrl-C to exit

--------------------------------------------------------------------------------

[33mCannot automatically start your browser: X-forwarding is not enabled for your session. 
Navigate to the above url manually in your preferred browser.[0m[39m
Bye...

Logfile: /home/ubuntu/.pyats/archive/20-Sep/job.2020Sep23_19:29:17.472673.zip
[1m[31m
[Errno 98] Address already in use[0m[39m

Logfile: /home/ubuntu/.pyats/archive/20-Sep/job.2020Sep24_02:31:34.934759.zip

View at: 
    http://ubuntu-code-server:60001/

Press Ctrl-C to exit

--------------------------------------------------------------------------------

[33mCannot automatically start your browser: X-forwarding is not enabled for your session. 
Navigate to the above url manually in your preferred browser.[0m[39m
Bye...

Logfile: /home/ubuntu/.pyats/archive/20-Sep/job.2020Sep24_02:33:23.356518.zip
[1m[31m
[Errno 98] Address already in use[0m[39m

Logfile: /home/ubuntu/.pyats/archive/20-Sep/job.2020Sep24_02:34:00.924444.zip
[1m[31m
[Errno 98] Address already in use[0m[39m

Logfile: /home/ubuntu/.pyats/archive/20-Sep/job.2020Sep24_02:34:41.619124.zip

View at: 
    http://ubuntu-code-server:60001/

Press Ctrl-C to exit

--------------------------------------------------------------------------------

[33mCannot automatically start your browser: X-forwarding is not enabled for your session. 
Navigate to the above url manually in your preferred browser.[0m[39m
Bye...

Logfile: /home/ubuntu/.pyats/archive/20-Sep/job.2020Sep24_02:35:00.171089.zip
[1m[31m
[Errno 98] Address already in use[0m[39m

Logfile: /home/ubuntu/.pyats/archive/20-Sep/job.2020Sep24_02:35:37.040156.zip

View at: 
    http://ubuntu-code-server:60001/

Press Ctrl-C to exit

--------------------------------------------------------------------------------

[33mCannot automatically start your browser: X-forwarding is not enabled for your session. 
Navigate to the above url manually in your preferred browser.[0m[39m
Bye...

Logfile: /home/ubuntu/.pyats/archive/20-Sep/job.2020Sep24_02:46:40.204846.zip

View at: 
    http://ubuntu-code-server:60001/

Press Ctrl-C to exit

--------------------------------------------------------------------------------

[33mCannot automatically start your browser: X-forwarding is not enabled for your session. 
Navigate to the above url manually in your preferred browser.[0m[39m
Bye...

Logfile: /home/ubuntu/.pyats/archive/20-Sep/job.2020Sep24_02:48:12.701076.zip

View at: 
    http://ubuntu-code-server:60001/

Press Ctrl-C to exit

--------------------------------------------------------------------------------

[33mCannot automatically start your browser: X-forwarding is not enabled for your session. 
Navigate to the above url manually in your preferred browser.[0m[39m
Logfile: /home/ubuntu/.pyats/archive/20-Sep/job.2020Sep24_05:07:30.832582.zip
[1m[31m
[Errno 98] Address already in use[0m[39m

Logfile: /home/ubuntu/.pyats/archive/20-Sep/job.2020Sep24_05:20:07.228337.zip

View at: 
    http://ubuntu-code-server:60001/

Press Ctrl-C to exit

--------------------------------------------------------------------------------

[33mCannot automatically start your browser: X-forwarding is not enabled for your session. 
Navigate to the above url manually in your preferred browser.[0m[39m
Bye...

Traceback (most recent call last):
  File "<frozen importlib._bootstrap_external>", line 93, in _path_is_mode_type
  File "<frozen importlib._bootstrap_external>", line 87, in _path_stat
FileNotFoundError: [Errno 2] No such file or directory: '/home/ubuntu/.local/share/virtualenvs/pyats-6hd_HpJ9/lib/python3.8/site-packages/genie/__init__.py'

During handling of the above exception, another exception occurred:

Traceback (most recent call last):
  File "/home/ubuntu/.local/share/virtualenvs/pyats-6hd_HpJ9/bin/pyats", line 5, in <module>
    from pyats.cli.__main__ import main
  File "src/pyats/cli/__main__.py", line 3, in init pyats.cli.__main__
  File "src/pyats/cli/core.py", line 5, in init pyats.cli.core
  File "/home/ubuntu/.local/share/virtualenvs/pyats-6hd_HpJ9/lib/python3.8/site-packages/pkg_resources/__init__.py", line 3252, in <module>
    def _initialize_master_working_set():
  File "/home/ubuntu/.local/share/virtualenvs/pyats-6hd_HpJ9/lib/python3.8/site-packages/pkg_resources/__init__.py", line 3235, in _call_aside
    f(*args, **kwargs)
  File "/home/ubuntu/.local/share/virtualenvs/pyats-6hd_HpJ9/lib/python3.8/site-packages/pkg_resources/__init__.py", line 3277, in _initialize_master_working_set
    tuple(
  File "/home/ubuntu/.local/share/virtualenvs/pyats-6hd_HpJ9/lib/python3.8/site-packages/pkg_resources/__init__.py", line 3278, in <genexpr>
    dist.activate(replace=False)
  File "/home/ubuntu/.local/share/virtualenvs/pyats-6hd_HpJ9/lib/python3.8/site-packages/pkg_resources/__init__.py", line 2782, in activate
    fixup_namespace_packages(self.location)
  File "/home/ubuntu/.local/share/virtualenvs/pyats-6hd_HpJ9/lib/python3.8/site-packages/pkg_resources/__init__.py", line 2295, in fixup_namespace_packages
    subpath = _handle_ns(package, path_item)
  File "/home/ubuntu/.local/share/virtualenvs/pyats-6hd_HpJ9/lib/python3.8/site-packages/pkg_resources/__init__.py", line 2201, in _handle_ns
    loader = importer.find_module(packageName)
  File "<frozen importlib._bootstrap_external>", line 486, in _find_module_shim
  File "<frozen importlib._bootstrap_external>", line 1421, in find_loader
  File "<frozen importlib._bootstrap_external>", line 1458, in find_spec
  File "<frozen importlib._bootstrap_external>", line 101, in _path_isfile
  File "<frozen importlib._bootstrap_external>", line 93, in _path_is_mode_type
KeyboardInterrupt
Logfile: /home/ubuntu/.pyats/archive/20-Sep/job.2020Sep24_05:26:49.691504.zip

View at: 
    http://ubuntu-code-server:60001/

Press Ctrl-C to exit

--------------------------------------------------------------------------------

[33mCannot automatically start your browser: X-forwarding is not enabled for your session. 
Navigate to the above url manually in your preferred browser.[0m[39m
Bye...

Logfile: /home/ubuntu/.pyats/archive/20-Sep/job.2020Sep24_05:30:11.451990.zip

View at: 
    http://ubuntu-code-server:60001/

Press Ctrl-C to exit

--------------------------------------------------------------------------------

[33mCannot automatically start your browser: X-forwarding is not enabled for your session. 
Navigate to the above url manually in your preferred browser.[0m[39m
Bye...

Logfile: /home/ubuntu/.pyats/archive/20-Sep/job.2020Sep24_05:32:46.888306.zip

View at: 
    http://ubuntu-code-server:60001/

Press Ctrl-C to exit

--------------------------------------------------------------------------------

[33mCannot automatically start your browser: X-forwarding is not enabled for your session. 
Navigate to the above url manually in your preferred browser.[0m[39m
Bye...

Logfile: /home/ubuntu/.pyats/archive/20-Sep/job.2020Sep24_05:42:19.169027.zip

View at: 
    http://ubuntu-code-server:60001/

Press Ctrl-C to exit

--------------------------------------------------------------------------------

[33mCannot automatically start your browser: X-forwarding is not enabled for your session. 
Navigate to the above url manually in your preferred browser.[0m[39m
Bye...

Logfile: /home/ubuntu/.pyats/archive/20-Sep/job.2020Sep24_05:52:31.545215.zip

View at: 
    http://ubuntu-code-server:60001/

Press Ctrl-C to exit

--------------------------------------------------------------------------------

[33mCannot automatically start your browser: X-forwarding is not enabled for your session. 
Navigate to the above url manually in your preferred browser.[0m[39m
Bye...

Logfile: /home/ubuntu/.pyats/archive/20-Sep/job.2020Sep24_05:54:48.804066.zip

View at: 
    http://ubuntu-code-server:60001/

Press Ctrl-C to exit

--------------------------------------------------------------------------------

[33mCannot automatically start your browser: X-forwarding is not enabled for your session. 
Navigate to the above url manually in your preferred browser.[0m[39m
Bye...

Logfile: /home/ubuntu/.pyats/archive/20-Sep/job.2020Sep24_06:30:17.709850.zip

View at: 
    http://ubuntu-code-server:60001/

Press Ctrl-C to exit

--------------------------------------------------------------------------------

[33mCannot automatically start your browser: X-forwarding is not enabled for your session. 
Navigate to the above url manually in your preferred browser.[0m[39m
Bye...

Logfile: /home/ubuntu/.pyats/archive/20-Sep/job.2020Sep25_08:46:31.033963.zip

View at: 
    http://ubuntu-code-server:60001/

Press Ctrl-C to exit

--------------------------------------------------------------------------------

[33mCannot automatically start your browser: X-forwarding is not enabled for your session. 
Navigate to the above url manually in your preferred browser.[0m[39m
Logfile: /home/ubuntu/.pyats/archive/20-Sep/job.2020Sep25_09:17:31.327124.zip

View at: 
    http://ubuntu-code-server:60001/

Press Ctrl-C to exit

--------------------------------------------------------------------------------

[33mCannot automatically start your browser: X-forwarding is not enabled for your session. 
Navigate to the above url manually in your preferred browser.[0m[39m
Logfile: /home/ubuntu/.pyats/archive/20-Sep/job.2020Sep27_10:07:56.314084.zip

View at: 
    http://ubuntu-code-server:60001/

Press Ctrl-C to exit

--------------------------------------------------------------------------------

[33mCannot automatically start your browser: X-forwarding is not enabled for your session. 
Navigate to the above url manually in your preferred browser.[0m[39m
Logfile: /home/ubuntu/.pyats/archive/20-Sep/job.2020Sep27_10:57:31.294857.zip

View at: 
    http://ubuntu-code-server:60001/

Press Ctrl-C to exit

--------------------------------------------------------------------------------

[33mCannot automatically start your browser: X-forwarding is not enabled for your session. 
Navigate to the above url manually in your preferred browser.[0m[39m
